<?xml version="1.0" encoding="UTF-8"?>
<testng-results ignored="0" total="6" passed="5" failed="1" skipped="0">
  <reporter-output>
  </reporter-output>
  <suite started-at="2021-01-09T22:13:10 IST" name="Suite" finished-at="2021-01-09T22:14:58 IST" duration-ms="107602">
    <groups>
    </groups>
    <test started-at="2021-01-09T22:13:10 IST" name="Test" finished-at="2021-01-09T22:14:58 IST" duration-ms="107602">
      <class name="greenKart.greenKart.TC01_BuyItems">
        <test-method is-config="true" signature="initializeDriver(org.testng.ITestContext)[pri:0, instance:greenKart.greenKart.TC01_BuyItems@69c93ca4]" started-at="2021-01-09T22:13:10 IST" name="initializeDriver" finished-at="2021-01-09T22:13:16 IST" duration-ms="6091" status="PASS">
          <params>
            <param index="0">
              <value>
                <![CDATA[org.testng.TestRunner@1c240cf2]]>
              </value>
            </param>
          </params>
          <reporter-output>
          </reporter-output>
        </test-method> <!-- initializeDriver -->
        <test-method signature="tc11_startGreenKart()[pri:0, instance:greenKart.greenKart.TC01_BuyItems@69c93ca4, instance params:[Brocolli, dummydata2]]" started-at="2021-01-09T22:13:16 IST" name="tc11_startGreenKart" finished-at="2021-01-09T22:13:50 IST" duration-ms="34013" status="PASS">
          <reporter-output>
          </reporter-output>
        </test-method> <!-- tc11_startGreenKart -->
        <test-method signature="tc12_searchItems()[pri:0, instance:greenKart.greenKart.TC01_BuyItems@69c93ca4, instance params:[Brocolli, dummydata2]]" started-at="2021-01-09T22:13:51 IST" name="tc12_searchItems" finished-at="2021-01-09T22:13:54 IST" duration-ms="2487" status="PASS">
          <reporter-output>
          </reporter-output>
        </test-method> <!-- tc12_searchItems -->
        <test-method signature="tc13_addToKartItems()[pri:0, instance:greenKart.greenKart.TC01_BuyItems@69c93ca4, instance params:[Brocolli, dummydata2]]" started-at="2021-01-09T22:13:54 IST" name="tc13_addToKartItems" finished-at="2021-01-09T22:13:55 IST" duration-ms="492" status="PASS">
          <reporter-output>
          </reporter-output>
        </test-method> <!-- tc13_addToKartItems -->
        <test-method is-config="true" signature="closeeDriver()[pri:0, instance:greenKart.greenKart.TC01_BuyItems@69c93ca4]" started-at="2021-01-09T22:13:55 IST" name="closeeDriver" finished-at="2021-01-09T22:13:55 IST" duration-ms="1" status="PASS">
          <reporter-output>
          </reporter-output>
        </test-method> <!-- closeeDriver -->
        <test-method is-config="true" signature="initializeDriver(org.testng.ITestContext)[pri:0, instance:greenKart.greenKart.TC01_BuyItems@69c93ca4]" started-at="2021-01-09T22:13:55 IST" name="initializeDriver" finished-at="2021-01-09T22:14:04 IST" duration-ms="8536" status="PASS">
          <params>
            <param index="0">
              <value>
                <![CDATA[org.testng.TestRunner@1c240cf2]]>
              </value>
            </param>
          </params>
          <reporter-output>
          </reporter-output>
        </test-method> <!-- initializeDriver -->
        <test-method signature="tc11_startGreenKart()[pri:0, instance:greenKart.greenKart.TC01_BuyItems@7d755813, instance params:[Cucumber, dummydata1]]" started-at="2021-01-09T22:14:04 IST" name="tc11_startGreenKart" finished-at="2021-01-09T22:14:47 IST" duration-ms="43547" status="PASS">
          <reporter-output>
          </reporter-output>
        </test-method> <!-- tc11_startGreenKart -->
        <test-method signature="tc12_searchItems()[pri:0, instance:greenKart.greenKart.TC01_BuyItems@7d755813, instance params:[Cucumber, dummydata1]]" started-at="2021-01-09T22:14:48 IST" name="tc12_searchItems" finished-at="2021-01-09T22:14:49 IST" duration-ms="846" status="FAIL">
          <exception class="java.lang.AssertionError">
            <message>
              <![CDATA[expected [false] but found [true]]]>
            </message>
            <full-stacktrace>
              <![CDATA[java.lang.AssertionError: expected [false] but found [true]
at org.testng.Assert.fail(Assert.java:99)
at org.testng.Assert.failNotEquals(Assert.java:1037)
at org.testng.Assert.assertEqualsImpl(Assert.java:140)
at org.testng.Assert.assertEquals(Assert.java:122)
at org.testng.Assert.assertEquals(Assert.java:819)
at org.testng.Assert.assertEquals(Assert.java:829)
at greenKart.greenKart.TC01_BuyItems.tc12_searchItems(TC01_BuyItems.java:111)
at java.base/jdk.internal.reflect.NativeMethodAccessorImpl.invoke0(Native Method)
at java.base/jdk.internal.reflect.NativeMethodAccessorImpl.invoke(NativeMethodAccessorImpl.java:62)
at java.base/jdk.internal.reflect.DelegatingMethodAccessorImpl.invoke(DelegatingMethodAccessorImpl.java:43)
at java.base/java.lang.reflect.Method.invoke(Method.java:566)
at org.testng.internal.MethodInvocationHelper.invokeMethod(MethodInvocationHelper.java:132)
at org.testng.internal.TestInvoker.invokeMethod(TestInvoker.java:599)
at org.testng.internal.TestInvoker.invokeTestMethod(TestInvoker.java:174)
at org.testng.internal.MethodRunner.runInSequence(MethodRunner.java:46)
at org.testng.internal.TestInvoker$MethodInvocationAgent.invoke(TestInvoker.java:822)
at org.testng.internal.TestInvoker.invokeTestMethods(TestInvoker.java:147)
at org.testng.internal.TestMethodWorker.invokeTestMethods(TestMethodWorker.java:146)
at org.testng.internal.TestMethodWorker.run(TestMethodWorker.java:128)
at java.base/java.util.ArrayList.forEach(ArrayList.java:1541)
at org.testng.TestRunner.privateRun(TestRunner.java:764)
at org.testng.TestRunner.run(TestRunner.java:585)
at org.testng.SuiteRunner.runTest(SuiteRunner.java:384)
at org.testng.SuiteRunner.runSequentially(SuiteRunner.java:378)
at org.testng.SuiteRunner.privateRun(SuiteRunner.java:337)
at org.testng.SuiteRunner.run(SuiteRunner.java:286)
at org.testng.SuiteRunnerWorker.runSuite(SuiteRunnerWorker.java:53)
at org.testng.SuiteRunnerWorker.run(SuiteRunnerWorker.java:96)
at org.testng.TestNG.runSuitesSequentially(TestNG.java:1218)
at org.testng.TestNG.runSuitesLocally(TestNG.java:1140)
at org.testng.TestNG.runSuites(TestNG.java:1069)
at org.testng.TestNG.run(TestNG.java:1037)
at org.testng.remote.AbstractRemoteTestNG.run(AbstractRemoteTestNG.java:115)
at org.testng.remote.RemoteTestNG.initAndRun(RemoteTestNG.java:251)
at org.testng.remote.RemoteTestNG.main(RemoteTestNG.java:77)
]]>
            </full-stacktrace>
          </exception> <!-- java.lang.AssertionError -->
          <reporter-output>
          </reporter-output>
        </test-method> <!-- tc12_searchItems -->
        <test-method signature="tc13_addToKartItems()[pri:0, instance:greenKart.greenKart.TC01_BuyItems@7d755813, instance params:[Cucumber, dummydata1]]" started-at="2021-01-09T22:14:50 IST" name="tc13_addToKartItems" finished-at="2021-01-09T22:14:50 IST" duration-ms="297" status="PASS">
          <reporter-output>
          </reporter-output>
        </test-method> <!-- tc13_addToKartItems -->
        <test-method is-config="true" signature="closeeDriver()[pri:0, instance:greenKart.greenKart.TC01_BuyItems@69c93ca4]" started-at="2021-01-09T22:14:58 IST" name="closeeDriver" finished-at="2021-01-09T22:14:58 IST" duration-ms="0" status="PASS">
          <reporter-output>
          </reporter-output>
        </test-method> <!-- closeeDriver -->
      </class> <!-- greenKart.greenKart.TC01_BuyItems -->
    </test> <!-- Test -->
  </suite> <!-- Suite -->
</testng-results>
